<html>
<body>
<pre>
<h1>µVision Build Log</h1>
<h2>Project:</h2>
E:\my_study_know\Cortex-M3\board\ZET6\my_work\demo01\USER\Template.uvproj
Project File Date:  04/14/2015

<h2>Output:</h2>
Build target 'Template'
linking...
Program Size: Code=5764 RO-data=336 RW-data=56 ZI-data=1832  
FromELF: creating hex file...
"..\OBJ\Template.axf" - 0 Error(s), 0 Warning(s).
</pre>
</body>
</html>
, 0 Warning(s).
tm32f10x_can.c...
compiling stm32f10x_cec.c...
compiling stm32f10x_crc.c...
compiling stm32f10x_dac.c...
compiling stm32f10x_dbgmcu.c...
compiling stm32f10x_dma.c...
compiling stm32f10x_exti.c...
compiling stm32f10x_flash.c...
compiling stm32f10x_fsmc.c...
compiling stm32f10x_gpio.c...
compiling stm32f10x_i2c.c...
compiling stm32f10x_iwdg.c...
compiling stm32f10x_pwr.c...
compiling stm32f10x_rcc.c...
compiling stm32f10x_rtc.c...
compiling stm32f10x_sdio.c...
compiling stm32f10x_spi.c...
compiling stm32f10x_tim.c...
compiling stm32f10x_usart.c...
compiling stm32f10x_wwdg.c...
compiling delay.c...
compiling sys.c...
compiling usart.c...
compiling led.c...
compiling dht11.c...
linking...
Program Size: Code=5764 RO-data=336 RW-data=56 ZI-data=1832  
FromELF: creating hex file...
"..\OBJ\Template.axf" - 0 Error(s), 0 Warning(s).
eakpoints: 8192
Watchpoints:          4
JTAG speed: 4000 kHz
 
Erase Done.
Programming Done.
Verify OK.
Application running ...
ompiling dht21.c...
..\USR_DRV\DHT21\dht21.c(71): error:  #136: struct "_DHT21" has no field "Init"
        dht21->Init = DHT21_Init;
..\USR_DRV\DHT21\dht21.c(72): error:  #136: struct "_DHT21" has no field "Read_TemHum"
        dht21->Read_TemHum = DHT21_ReadData;
..\USR_DRV\DHT21\dht21.c: 0 warnings, 2 errors
"..\USR_DRV\DHT21\dht21.c" - 2 Error(s), 0 Warning(s).
): warning:  #550-D: parameter "dht21" was set but never used
  void Creat_DHT21(DHT21_TypeDef *dht21)
..\USR_DRV\DHT21\dht21.c(26): warning:  #177-D: function "DHT_Set_Input" was declared but never referenced
  void DHT_Set_Input(void)
..\USR_DRV\DHT21\dht21.c: 3 warnings, 1 error
"..\USR_DRV\DHT21\dht21.c" - 1 Error(s), 3 Warning(s).
d
  void DHT_Set_Input(void)
..\USR_DRV\DHT21\dht21.c: 3 warnings, 0 errors
"..\USR_DRV\DHT21\dht21.c" - 0 Error(s), 3 Warning(s).
